INFO  [2017-11-02 21:40:04,785] org.eclipse.jetty.util.log: Logging initialized @1399ms to org.eclipse.jetty.util.log.Slf4jLog
INFO  [2017-11-02 21:40:04,881] io.dropwizard.server.DefaultServerFactory: Registering jersey handler with root path prefix: /
INFO  [2017-11-02 21:40:04,883] io.dropwizard.server.DefaultServerFactory: Registering admin handler with root path prefix: /
INFO  [2017-11-02 21:40:04,884] io.dropwizard.assets.AssetsBundle: Registering AssetBundle with name: assets for path /assets/*
INFO  [2017-11-02 21:40:05,058] org.hibernate.Version: HHH000412: Hibernate Core {5.2.11.Final}
INFO  [2017-11-02 21:40:05,059] org.hibernate.cfg.Environment: HHH000206: hibernate.properties not found
INFO  [2017-11-02 21:40:05,067] io.dropwizard.hibernate.SessionFactoryFactory: Entity classes: [com.example.helloworld.core.Person]
INFO  [2017-11-02 21:40:05,093] org.hibernate.annotations.common.Version: HCANN000001: Hibernate Commons Annotations {5.0.1.Final}
INFO  [2017-11-02 21:40:05,457] org.hibernate.dialect.Dialect: HHH000400: Using dialect: org.hibernate.dialect.H2Dialect
INFO  [2017-11-02 21:40:05,776] org.hibernate.type.BasicTypeRegistry: HHH000270: Type registration [java.util.Currency] overrides previous : org.hibernate.type.CurrencyType@5763a655
INFO  [2017-11-02 21:40:05,776] org.hibernate.type.BasicTypeRegistry: HHH000270: Type registration [java.time.Duration] overrides previous : org.hibernate.type.DurationType@40c8067
INFO  [2017-11-02 21:40:05,776] org.hibernate.type.BasicTypeRegistry: HHH000270: Type registration [java.time.Instant] overrides previous : org.hibernate.type.InstantType@561f9d92
INFO  [2017-11-02 21:40:05,776] org.hibernate.type.BasicTypeRegistry: HHH000270: Type registration [java.time.LocalDate] overrides previous : org.hibernate.type.LocalDateType@7ceb6c45
INFO  [2017-11-02 21:40:05,776] org.hibernate.type.BasicTypeRegistry: HHH000270: Type registration [java.time.LocalDateTime] overrides previous : org.hibernate.type.LocalDateTimeType@629075f4
INFO  [2017-11-02 21:40:05,777] org.hibernate.type.BasicTypeRegistry: HHH000270: Type registration [java.time.LocalTime] overrides previous : org.hibernate.type.LocalTimeType@723742b2
INFO  [2017-11-02 21:40:05,777] org.hibernate.type.BasicTypeRegistry: HHH000270: Type registration [java.time.OffsetDateTime] overrides previous : org.hibernate.type.OffsetDateTimeType@559991f5
INFO  [2017-11-02 21:40:05,777] org.hibernate.type.BasicTypeRegistry: HHH000270: Type registration [java.time.OffsetTime] overrides previous : org.hibernate.type.OffsetTimeType@34c76167
INFO  [2017-11-02 21:40:05,777] org.hibernate.type.BasicTypeRegistry: HHH000270: Type registration [java.time.ZonedDateTime] overrides previous : org.hibernate.type.ZonedDateTimeType@30b3d899
INFO  [2017-11-02 21:40:05,986] org.hibernate.hql.internal.QueryTranslatorFactoryInitiator: HHH000397: Using ASTQueryTranslatorFactory
INFO  [2017-11-02 21:40:06,097] io.dropwizard.server.ServerFactory: Starting hello-world
                           web-scale hello world dP for the web
                                                 88
  .d8888b. dP.  .dP .d8888b. 88d8b.d8b. 88d888b. 88 .d8888b.
  88ooood8  `8bd8'  88'  `88 88'`88'`88 88'  `88 88 88ooood8
  88.  ...  .d88b.  88.  .88 88  88  88 88.  .88 88 88.  ...
  `88888P' dP'  `dP `88888P8 dP  dP  dP 88Y888P' dP `88888P'
                                        88
                                        dP

INFO  [2017-11-02 21:40:06,201] org.eclipse.jetty.setuid.SetUIDListener: Opened application@4d25f816{HTTP/1.1,[http/1.1]}{0.0.0.0:39131}
INFO  [2017-11-02 21:40:06,202] org.eclipse.jetty.setuid.SetUIDListener: Opened admin@6c6c2a73{HTTP/1.1,[http/1.1]}{0.0.0.0:42449}
INFO  [2017-11-02 21:40:06,203] org.eclipse.jetty.server.Server: jetty-9.4.7.v20170914
INFO  [2017-11-02 21:40:06,667] io.dropwizard.jersey.DropwizardResourceConfig: The following paths were found for the configured resources:

    GET     /filtered/hello (com.example.helloworld.resources.FilteredResource)
    GET     /hello-world (com.example.helloworld.resources.HelloWorldResource)
    POST    /hello-world (com.example.helloworld.resources.HelloWorldResource)
    GET     /hello-world/date (com.example.helloworld.resources.HelloWorldResource)
    GET     /people (com.example.helloworld.resources.PeopleResource)
    POST    /people (com.example.helloworld.resources.PeopleResource)
    GET     /people/{personId} (com.example.helloworld.resources.PersonResource)
    GET     /people/{personId}/view_freemarker (com.example.helloworld.resources.PersonResource)
    GET     /people/{personId}/view_mustache (com.example.helloworld.resources.PersonResource)
    GET     /protected (com.example.helloworld.resources.ProtectedResource)
    GET     /protected/admin (com.example.helloworld.resources.ProtectedResource)
    GET     /views/iso88591.ftl (com.example.helloworld.resources.ViewResource)
    GET     /views/iso88591.mustache (com.example.helloworld.resources.ViewResource)
    GET     /views/utf8.ftl (com.example.helloworld.resources.ViewResource)
    GET     /views/utf8.mustache (com.example.helloworld.resources.ViewResource)

INFO  [2017-11-02 21:40:06,668] org.eclipse.jetty.server.handler.ContextHandler: Started i.d.j.MutableServletContextHandler@5af40e45{/,null,AVAILABLE}
INFO  [2017-11-02 21:40:06,670] io.dropwizard.setup.AdminEnvironment: tasks = 

    POST    /tasks/echo (com.example.helloworld.tasks.EchoTask)
    POST    /tasks/log-level (io.dropwizard.servlets.tasks.LogConfigurationTask)
    POST    /tasks/gc (io.dropwizard.servlets.tasks.GarbageCollectionTask)

INFO  [2017-11-02 21:40:06,675] org.eclipse.jetty.server.handler.ContextHandler: Started i.d.j.MutableServletContextHandler@57b130f6{/,null,AVAILABLE}
INFO  [2017-11-02 21:40:06,683] org.eclipse.jetty.server.AbstractConnector: Started application@4d25f816{HTTP/1.1,[http/1.1]}{0.0.0.0:39131}
INFO  [2017-11-02 21:40:06,683] org.eclipse.jetty.server.AbstractConnector: Started admin@6c6c2a73{HTTP/1.1,[http/1.1]}{0.0.0.0:42449}
INFO  [2017-11-02 21:40:06,684] org.eclipse.jetty.server.Server: Started @3299ms
INFO  [2017-11-02 21:40:07,319] liquibase: Successfully acquired change log lock
INFO  [2017-11-02 21:40:07,980] liquibase: Creating database history table with name: PUBLIC.DATABASECHANGELOG
INFO  [2017-11-02 21:40:07,983] liquibase: Reading from PUBLIC.DATABASECHANGELOG
INFO  [2017-11-02 21:40:07,996] liquibase: migrations.xml: migrations.xml::1::codahale: Table people created
INFO  [2017-11-02 21:40:07,996] liquibase: migrations.xml: migrations.xml::1::codahale: ChangeSet migrations.xml::1::codahale ran successfully in 6ms
INFO  [2017-11-02 21:40:08,004] liquibase: Successfully released change log lock
INFO  [2017-11-02 21:40:08,470] org.hibernate.engine.internal.StatisticalLoggingSessionEventListener: Session Metrics {
    106923 nanoseconds spent acquiring 2 JDBC connections;
    56848 nanoseconds spent releasing 2 JDBC connections;
    6219740 nanoseconds spent preparing 1 JDBC statements;
    1605386 nanoseconds spent executing 1 JDBC statements;
    0 nanoseconds spent executing 0 JDBC batches;
    0 nanoseconds spent performing 0 L2C puts;
    0 nanoseconds spent performing 0 L2C hits;
    0 nanoseconds spent performing 0 L2C misses;
    3325124 nanoseconds spent executing 1 flushes (flushing a total of 1 entities and 0 collections);
    0 nanoseconds spent executing 0 partial-flushes (flushing a total of 0 entities and 0 collections)
}
INFO  [2017-11-02 21:40:08,530] org.eclipse.jetty.server.AbstractConnector: Stopped application@4d25f816{HTTP/1.1,[http/1.1]}{0.0.0.0:0}
INFO  [2017-11-02 21:40:08,532] org.eclipse.jetty.server.AbstractConnector: Stopped admin@6c6c2a73{HTTP/1.1,[http/1.1]}{0.0.0.0:0}
INFO  [2017-11-02 21:40:08,534] org.eclipse.jetty.server.handler.ContextHandler: Stopped i.d.j.MutableServletContextHandler@57b130f6{/,null,UNAVAILABLE}
INFO  [2017-11-02 21:40:08,541] org.eclipse.jetty.server.handler.ContextHandler: Stopped i.d.j.MutableServletContextHandler@5af40e45{/,null,UNAVAILABLE}
